[2023-12-21T20:40:33.702+0000] {processor.py:157} INFO - Started process (PID=55) to work on /home/airflow/.local/lib/python3.8/site-packages/airflow/example_dags/example_external_task_marker_dag.py
[2023-12-21T20:40:33.705+0000] {processor.py:829} INFO - Processing file /home/airflow/.local/lib/python3.8/site-packages/airflow/example_dags/example_external_task_marker_dag.py for tasks to queue
[2023-12-21T20:40:33.711+0000] {logging_mixin.py:154} INFO - [2023-12-21T20:40:33.710+0000] {dagbag.py:536} INFO - Filling up the DagBag from /home/airflow/.local/lib/python3.8/site-packages/airflow/example_dags/example_external_task_marker_dag.py
[2023-12-21T20:40:33.736+0000] {processor.py:839} INFO - DAG(s) dict_keys(['example_external_task_marker_parent', 'example_external_task_marker_child']) retrieved from /home/airflow/.local/lib/python3.8/site-packages/airflow/example_dags/example_external_task_marker_dag.py
[2023-12-21T20:40:33.933+0000] {logging_mixin.py:154} INFO - [2023-12-21T20:40:33.933+0000] {manager.py:499} INFO - Created Permission View: %s
[2023-12-21T20:40:33.948+0000] {logging_mixin.py:154} INFO - [2023-12-21T20:40:33.947+0000] {manager.py:499} INFO - Created Permission View: %s
[2023-12-21T20:40:33.955+0000] {logging_mixin.py:154} INFO - [2023-12-21T20:40:33.955+0000] {manager.py:499} INFO - Created Permission View: %s
[2023-12-21T20:40:33.971+0000] {logging_mixin.py:154} INFO - [2023-12-21T20:40:33.970+0000] {manager.py:499} INFO - Created Permission View: %s
[2023-12-21T20:40:33.977+0000] {logging_mixin.py:154} INFO - [2023-12-21T20:40:33.977+0000] {manager.py:499} INFO - Created Permission View: %s
[2023-12-21T20:40:33.983+0000] {logging_mixin.py:154} INFO - [2023-12-21T20:40:33.983+0000] {manager.py:499} INFO - Created Permission View: %s
[2023-12-21T20:40:33.983+0000] {logging_mixin.py:154} INFO - [2023-12-21T20:40:33.983+0000] {dag.py:2941} INFO - Sync 2 DAGs
[2023-12-21T20:40:34.017+0000] {logging_mixin.py:154} INFO - [2023-12-21T20:40:34.016+0000] {dag.py:2963} INFO - Creating ORM DAG for example_external_task_marker_parent
[2023-12-21T20:40:34.018+0000] {logging_mixin.py:154} INFO - [2023-12-21T20:40:34.018+0000] {dag.py:2963} INFO - Creating ORM DAG for example_external_task_marker_child
[2023-12-21T20:40:34.023+0000] {logging_mixin.py:154} INFO - [2023-12-21T20:40:34.022+0000] {dag.py:3722} INFO - Setting next_dagrun for example_external_task_marker_child to None, run_after=None
[2023-12-21T20:40:34.024+0000] {logging_mixin.py:154} INFO - [2023-12-21T20:40:34.024+0000] {dag.py:3722} INFO - Setting next_dagrun for example_external_task_marker_parent to None, run_after=None
[2023-12-21T20:40:34.055+0000] {processor.py:179} INFO - Processing /home/airflow/.local/lib/python3.8/site-packages/airflow/example_dags/example_external_task_marker_dag.py took 0.356 seconds
[2023-12-21T20:41:04.237+0000] {processor.py:157} INFO - Started process (PID=108) to work on /home/airflow/.local/lib/python3.8/site-packages/airflow/example_dags/example_external_task_marker_dag.py
[2023-12-21T20:41:04.238+0000] {processor.py:829} INFO - Processing file /home/airflow/.local/lib/python3.8/site-packages/airflow/example_dags/example_external_task_marker_dag.py for tasks to queue
[2023-12-21T20:41:04.239+0000] {logging_mixin.py:154} INFO - [2023-12-21T20:41:04.239+0000] {dagbag.py:536} INFO - Filling up the DagBag from /home/airflow/.local/lib/python3.8/site-packages/airflow/example_dags/example_external_task_marker_dag.py
[2023-12-21T20:41:04.242+0000] {processor.py:839} INFO - DAG(s) dict_keys(['example_external_task_marker_child', 'example_external_task_marker_parent']) retrieved from /home/airflow/.local/lib/python3.8/site-packages/airflow/example_dags/example_external_task_marker_dag.py
[2023-12-21T20:41:04.255+0000] {logging_mixin.py:154} INFO - [2023-12-21T20:41:04.255+0000] {dag.py:2941} INFO - Sync 2 DAGs
[2023-12-21T20:41:04.261+0000] {logging_mixin.py:154} INFO - [2023-12-21T20:41:04.260+0000] {dag.py:3722} INFO - Setting next_dagrun for example_external_task_marker_child to None, run_after=None
[2023-12-21T20:41:04.262+0000] {logging_mixin.py:154} INFO - [2023-12-21T20:41:04.262+0000] {dag.py:3722} INFO - Setting next_dagrun for example_external_task_marker_parent to None, run_after=None
[2023-12-21T20:41:04.271+0000] {processor.py:179} INFO - Processing /home/airflow/.local/lib/python3.8/site-packages/airflow/example_dags/example_external_task_marker_dag.py took 0.036 seconds
[2023-12-21T20:41:34.651+0000] {processor.py:157} INFO - Started process (PID=163) to work on /home/airflow/.local/lib/python3.8/site-packages/airflow/example_dags/example_external_task_marker_dag.py
[2023-12-21T20:41:34.651+0000] {processor.py:829} INFO - Processing file /home/airflow/.local/lib/python3.8/site-packages/airflow/example_dags/example_external_task_marker_dag.py for tasks to queue
[2023-12-21T20:41:34.653+0000] {logging_mixin.py:154} INFO - [2023-12-21T20:41:34.653+0000] {dagbag.py:536} INFO - Filling up the DagBag from /home/airflow/.local/lib/python3.8/site-packages/airflow/example_dags/example_external_task_marker_dag.py
[2023-12-21T20:41:34.657+0000] {processor.py:839} INFO - DAG(s) dict_keys(['example_external_task_marker_parent', 'example_external_task_marker_child']) retrieved from /home/airflow/.local/lib/python3.8/site-packages/airflow/example_dags/example_external_task_marker_dag.py
[2023-12-21T20:41:34.672+0000] {logging_mixin.py:154} INFO - [2023-12-21T20:41:34.671+0000] {dag.py:2941} INFO - Sync 2 DAGs
[2023-12-21T20:41:34.678+0000] {logging_mixin.py:154} INFO - [2023-12-21T20:41:34.678+0000] {dag.py:3722} INFO - Setting next_dagrun for example_external_task_marker_child to None, run_after=None
[2023-12-21T20:41:34.681+0000] {logging_mixin.py:154} INFO - [2023-12-21T20:41:34.680+0000] {dag.py:3722} INFO - Setting next_dagrun for example_external_task_marker_parent to None, run_after=None
[2023-12-21T20:41:34.690+0000] {processor.py:179} INFO - Processing /home/airflow/.local/lib/python3.8/site-packages/airflow/example_dags/example_external_task_marker_dag.py took 0.041 seconds
