[2023-12-21T20:40:36.051+0000] {processor.py:157} INFO - Started process (PID=66) to work on /home/airflow/.local/lib/python3.8/site-packages/airflow/example_dags/example_xcomargs.py
[2023-12-21T20:40:36.053+0000] {processor.py:829} INFO - Processing file /home/airflow/.local/lib/python3.8/site-packages/airflow/example_dags/example_xcomargs.py for tasks to queue
[2023-12-21T20:40:36.061+0000] {logging_mixin.py:154} INFO - [2023-12-21T20:40:36.060+0000] {dagbag.py:536} INFO - Filling up the DagBag from /home/airflow/.local/lib/python3.8/site-packages/airflow/example_dags/example_xcomargs.py
[2023-12-21T20:40:36.071+0000] {processor.py:839} INFO - DAG(s) dict_keys(['example_xcom_args', 'example_xcom_args_with_operators']) retrieved from /home/airflow/.local/lib/python3.8/site-packages/airflow/example_dags/example_xcomargs.py
[2023-12-21T20:40:36.193+0000] {logging_mixin.py:154} INFO - [2023-12-21T20:40:36.192+0000] {manager.py:499} INFO - Created Permission View: %s
[2023-12-21T20:40:36.202+0000] {logging_mixin.py:154} INFO - [2023-12-21T20:40:36.202+0000] {manager.py:499} INFO - Created Permission View: %s
[2023-12-21T20:40:36.211+0000] {logging_mixin.py:154} INFO - [2023-12-21T20:40:36.210+0000] {manager.py:499} INFO - Created Permission View: %s
[2023-12-21T20:40:36.220+0000] {logging_mixin.py:154} INFO - [2023-12-21T20:40:36.220+0000] {manager.py:499} INFO - Created Permission View: %s
[2023-12-21T20:40:36.225+0000] {logging_mixin.py:154} INFO - [2023-12-21T20:40:36.225+0000] {manager.py:499} INFO - Created Permission View: %s
[2023-12-21T20:40:36.233+0000] {logging_mixin.py:154} INFO - [2023-12-21T20:40:36.233+0000] {manager.py:499} INFO - Created Permission View: %s
[2023-12-21T20:40:36.234+0000] {logging_mixin.py:154} INFO - [2023-12-21T20:40:36.234+0000] {dag.py:2941} INFO - Sync 2 DAGs
[2023-12-21T20:40:36.251+0000] {logging_mixin.py:154} INFO - [2023-12-21T20:40:36.250+0000] {dag.py:2963} INFO - Creating ORM DAG for example_xcom_args_with_operators
[2023-12-21T20:40:36.251+0000] {logging_mixin.py:154} INFO - [2023-12-21T20:40:36.251+0000] {dag.py:2963} INFO - Creating ORM DAG for example_xcom_args
[2023-12-21T20:40:36.252+0000] {logging_mixin.py:154} INFO - [2023-12-21T20:40:36.252+0000] {dag.py:3722} INFO - Setting next_dagrun for example_xcom_args to None, run_after=None
[2023-12-21T20:40:36.253+0000] {logging_mixin.py:154} INFO - [2023-12-21T20:40:36.253+0000] {dag.py:3722} INFO - Setting next_dagrun for example_xcom_args_with_operators to None, run_after=None
[2023-12-21T20:40:36.268+0000] {processor.py:179} INFO - Processing /home/airflow/.local/lib/python3.8/site-packages/airflow/example_dags/example_xcomargs.py took 0.221 seconds
[2023-12-21T20:41:06.737+0000] {processor.py:157} INFO - Started process (PID=120) to work on /home/airflow/.local/lib/python3.8/site-packages/airflow/example_dags/example_xcomargs.py
[2023-12-21T20:41:06.738+0000] {processor.py:829} INFO - Processing file /home/airflow/.local/lib/python3.8/site-packages/airflow/example_dags/example_xcomargs.py for tasks to queue
[2023-12-21T20:41:06.739+0000] {logging_mixin.py:154} INFO - [2023-12-21T20:41:06.739+0000] {dagbag.py:536} INFO - Filling up the DagBag from /home/airflow/.local/lib/python3.8/site-packages/airflow/example_dags/example_xcomargs.py
[2023-12-21T20:41:06.745+0000] {processor.py:839} INFO - DAG(s) dict_keys(['example_xcom_args', 'example_xcom_args_with_operators']) retrieved from /home/airflow/.local/lib/python3.8/site-packages/airflow/example_dags/example_xcomargs.py
[2023-12-21T20:41:06.760+0000] {logging_mixin.py:154} INFO - [2023-12-21T20:41:06.760+0000] {dag.py:2941} INFO - Sync 2 DAGs
[2023-12-21T20:41:06.767+0000] {logging_mixin.py:154} INFO - [2023-12-21T20:41:06.767+0000] {dag.py:3722} INFO - Setting next_dagrun for example_xcom_args to None, run_after=None
[2023-12-21T20:41:06.769+0000] {logging_mixin.py:154} INFO - [2023-12-21T20:41:06.769+0000] {dag.py:3722} INFO - Setting next_dagrun for example_xcom_args_with_operators to None, run_after=None
[2023-12-21T20:41:06.777+0000] {processor.py:179} INFO - Processing /home/airflow/.local/lib/python3.8/site-packages/airflow/example_dags/example_xcomargs.py took 0.043 seconds
