[2023-12-21T20:40:34.103+0000] {processor.py:157} INFO - Started process (PID=56) to work on /home/airflow/.local/lib/python3.8/site-packages/airflow/example_dags/example_dynamic_task_mapping_with_no_taskflow_operators.py
[2023-12-21T20:40:34.114+0000] {processor.py:829} INFO - Processing file /home/airflow/.local/lib/python3.8/site-packages/airflow/example_dags/example_dynamic_task_mapping_with_no_taskflow_operators.py for tasks to queue
[2023-12-21T20:40:34.127+0000] {logging_mixin.py:154} INFO - [2023-12-21T20:40:34.126+0000] {dagbag.py:536} INFO - Filling up the DagBag from /home/airflow/.local/lib/python3.8/site-packages/airflow/example_dags/example_dynamic_task_mapping_with_no_taskflow_operators.py
[2023-12-21T20:40:34.148+0000] {processor.py:839} INFO - DAG(s) dict_keys(['example_dynamic_task_mapping_with_no_taskflow_operators']) retrieved from /home/airflow/.local/lib/python3.8/site-packages/airflow/example_dags/example_dynamic_task_mapping_with_no_taskflow_operators.py
[2023-12-21T20:40:34.366+0000] {logging_mixin.py:154} INFO - [2023-12-21T20:40:34.366+0000] {manager.py:499} INFO - Created Permission View: %s
[2023-12-21T20:40:34.375+0000] {logging_mixin.py:154} INFO - [2023-12-21T20:40:34.375+0000] {manager.py:499} INFO - Created Permission View: %s
[2023-12-21T20:40:34.381+0000] {logging_mixin.py:154} INFO - [2023-12-21T20:40:34.381+0000] {manager.py:499} INFO - Created Permission View: %s
[2023-12-21T20:40:34.384+0000] {logging_mixin.py:154} INFO - [2023-12-21T20:40:34.384+0000] {dag.py:2941} INFO - Sync 1 DAGs
[2023-12-21T20:40:34.395+0000] {logging_mixin.py:154} INFO - [2023-12-21T20:40:34.394+0000] {dag.py:2963} INFO - Creating ORM DAG for example_dynamic_task_mapping_with_no_taskflow_operators
[2023-12-21T20:40:34.406+0000] {logging_mixin.py:154} INFO - [2023-12-21T20:40:34.406+0000] {dag.py:3722} INFO - Setting next_dagrun for example_dynamic_task_mapping_with_no_taskflow_operators to 2023-12-20T20:40:34.406052+00:00, run_after=2023-12-21T20:40:34.406052+00:00
[2023-12-21T20:40:34.423+0000] {processor.py:179} INFO - Processing /home/airflow/.local/lib/python3.8/site-packages/airflow/example_dags/example_dynamic_task_mapping_with_no_taskflow_operators.py took 0.332 seconds
[2023-12-21T20:41:05.326+0000] {processor.py:157} INFO - Started process (PID=110) to work on /home/airflow/.local/lib/python3.8/site-packages/airflow/example_dags/example_dynamic_task_mapping_with_no_taskflow_operators.py
[2023-12-21T20:41:05.327+0000] {processor.py:829} INFO - Processing file /home/airflow/.local/lib/python3.8/site-packages/airflow/example_dags/example_dynamic_task_mapping_with_no_taskflow_operators.py for tasks to queue
[2023-12-21T20:41:05.332+0000] {logging_mixin.py:154} INFO - [2023-12-21T20:41:05.331+0000] {dagbag.py:536} INFO - Filling up the DagBag from /home/airflow/.local/lib/python3.8/site-packages/airflow/example_dags/example_dynamic_task_mapping_with_no_taskflow_operators.py
[2023-12-21T20:41:05.340+0000] {processor.py:839} INFO - DAG(s) dict_keys(['example_dynamic_task_mapping_with_no_taskflow_operators']) retrieved from /home/airflow/.local/lib/python3.8/site-packages/airflow/example_dags/example_dynamic_task_mapping_with_no_taskflow_operators.py
[2023-12-21T20:41:05.356+0000] {logging_mixin.py:154} INFO - [2023-12-21T20:41:05.356+0000] {dag.py:2941} INFO - Sync 1 DAGs
[2023-12-21T20:41:05.371+0000] {logging_mixin.py:154} INFO - [2023-12-21T20:41:05.370+0000] {dag.py:3722} INFO - Setting next_dagrun for example_dynamic_task_mapping_with_no_taskflow_operators to 2023-12-20T20:41:05.370801+00:00, run_after=2023-12-21T20:41:05.370801+00:00
[2023-12-21T20:41:05.380+0000] {processor.py:179} INFO - Processing /home/airflow/.local/lib/python3.8/site-packages/airflow/example_dags/example_dynamic_task_mapping_with_no_taskflow_operators.py took 0.059 seconds
[2023-12-21T20:41:35.664+0000] {processor.py:157} INFO - Started process (PID=164) to work on /home/airflow/.local/lib/python3.8/site-packages/airflow/example_dags/example_dynamic_task_mapping_with_no_taskflow_operators.py
[2023-12-21T20:41:35.667+0000] {processor.py:829} INFO - Processing file /home/airflow/.local/lib/python3.8/site-packages/airflow/example_dags/example_dynamic_task_mapping_with_no_taskflow_operators.py for tasks to queue
[2023-12-21T20:41:35.670+0000] {logging_mixin.py:154} INFO - [2023-12-21T20:41:35.669+0000] {dagbag.py:536} INFO - Filling up the DagBag from /home/airflow/.local/lib/python3.8/site-packages/airflow/example_dags/example_dynamic_task_mapping_with_no_taskflow_operators.py
[2023-12-21T20:41:35.676+0000] {processor.py:839} INFO - DAG(s) dict_keys(['example_dynamic_task_mapping_with_no_taskflow_operators']) retrieved from /home/airflow/.local/lib/python3.8/site-packages/airflow/example_dags/example_dynamic_task_mapping_with_no_taskflow_operators.py
[2023-12-21T20:41:35.716+0000] {logging_mixin.py:154} INFO - [2023-12-21T20:41:35.715+0000] {dag.py:2941} INFO - Sync 1 DAGs
[2023-12-21T20:41:35.742+0000] {logging_mixin.py:154} INFO - [2023-12-21T20:41:35.742+0000] {dag.py:3722} INFO - Setting next_dagrun for example_dynamic_task_mapping_with_no_taskflow_operators to 2023-12-20T20:41:35.741953+00:00, run_after=2023-12-21T20:41:35.741953+00:00
[2023-12-21T20:41:35.768+0000] {processor.py:179} INFO - Processing /home/airflow/.local/lib/python3.8/site-packages/airflow/example_dags/example_dynamic_task_mapping_with_no_taskflow_operators.py took 0.108 seconds
