[2023-12-21T20:40:31.227+0000] {processor.py:157} INFO - Started process (PID=37) to work on /home/airflow/.local/lib/python3.8/site-packages/airflow/example_dags/example_branch_python_dop_operator_3.py
[2023-12-21T20:40:31.230+0000] {processor.py:829} INFO - Processing file /home/airflow/.local/lib/python3.8/site-packages/airflow/example_dags/example_branch_python_dop_operator_3.py for tasks to queue
[2023-12-21T20:40:31.234+0000] {logging_mixin.py:154} INFO - [2023-12-21T20:40:31.234+0000] {dagbag.py:536} INFO - Filling up the DagBag from /home/airflow/.local/lib/python3.8/site-packages/airflow/example_dags/example_branch_python_dop_operator_3.py
[2023-12-21T20:40:31.254+0000] {processor.py:839} INFO - DAG(s) dict_keys(['example_branch_dop_operator_v3']) retrieved from /home/airflow/.local/lib/python3.8/site-packages/airflow/example_dags/example_branch_python_dop_operator_3.py
[2023-12-21T20:40:31.437+0000] {logging_mixin.py:154} INFO - [2023-12-21T20:40:31.437+0000] {manager.py:499} INFO - Created Permission View: %s
[2023-12-21T20:40:31.445+0000] {logging_mixin.py:154} INFO - [2023-12-21T20:40:31.445+0000] {manager.py:499} INFO - Created Permission View: %s
[2023-12-21T20:40:31.464+0000] {logging_mixin.py:154} INFO - [2023-12-21T20:40:31.464+0000] {manager.py:499} INFO - Created Permission View: %s
[2023-12-21T20:40:31.489+0000] {logging_mixin.py:154} INFO - [2023-12-21T20:40:31.489+0000] {dag.py:2941} INFO - Sync 1 DAGs
[2023-12-21T20:40:31.505+0000] {logging_mixin.py:154} INFO - [2023-12-21T20:40:31.505+0000] {dag.py:2963} INFO - Creating ORM DAG for example_branch_dop_operator_v3
[2023-12-21T20:40:31.517+0000] {logging_mixin.py:154} INFO - [2023-12-21T20:40:31.517+0000] {dag.py:3722} INFO - Setting next_dagrun for example_branch_dop_operator_v3 to 2023-12-21T20:39:00+00:00, run_after=2023-12-21T20:40:00+00:00
[2023-12-21T20:40:31.537+0000] {processor.py:179} INFO - Processing /home/airflow/.local/lib/python3.8/site-packages/airflow/example_dags/example_branch_python_dop_operator_3.py took 0.316 seconds
[2023-12-21T20:41:01.637+0000] {processor.py:157} INFO - Started process (PID=91) to work on /home/airflow/.local/lib/python3.8/site-packages/airflow/example_dags/example_branch_python_dop_operator_3.py
[2023-12-21T20:41:01.639+0000] {processor.py:829} INFO - Processing file /home/airflow/.local/lib/python3.8/site-packages/airflow/example_dags/example_branch_python_dop_operator_3.py for tasks to queue
[2023-12-21T20:41:01.644+0000] {logging_mixin.py:154} INFO - [2023-12-21T20:41:01.644+0000] {dagbag.py:536} INFO - Filling up the DagBag from /home/airflow/.local/lib/python3.8/site-packages/airflow/example_dags/example_branch_python_dop_operator_3.py
[2023-12-21T20:41:01.656+0000] {processor.py:839} INFO - DAG(s) dict_keys(['example_branch_dop_operator_v3']) retrieved from /home/airflow/.local/lib/python3.8/site-packages/airflow/example_dags/example_branch_python_dop_operator_3.py
[2023-12-21T20:41:01.681+0000] {logging_mixin.py:154} INFO - [2023-12-21T20:41:01.681+0000] {dag.py:2941} INFO - Sync 1 DAGs
[2023-12-21T20:41:01.705+0000] {logging_mixin.py:154} INFO - [2023-12-21T20:41:01.705+0000] {dag.py:3722} INFO - Setting next_dagrun for example_branch_dop_operator_v3 to 2023-12-21T20:40:00+00:00, run_after=2023-12-21T20:41:00+00:00
[2023-12-21T20:41:01.715+0000] {processor.py:179} INFO - Processing /home/airflow/.local/lib/python3.8/site-packages/airflow/example_dags/example_branch_python_dop_operator_3.py took 0.085 seconds
[2023-12-21T20:41:31.919+0000] {processor.py:157} INFO - Started process (PID=145) to work on /home/airflow/.local/lib/python3.8/site-packages/airflow/example_dags/example_branch_python_dop_operator_3.py
[2023-12-21T20:41:31.921+0000] {processor.py:829} INFO - Processing file /home/airflow/.local/lib/python3.8/site-packages/airflow/example_dags/example_branch_python_dop_operator_3.py for tasks to queue
[2023-12-21T20:41:31.923+0000] {logging_mixin.py:154} INFO - [2023-12-21T20:41:31.923+0000] {dagbag.py:536} INFO - Filling up the DagBag from /home/airflow/.local/lib/python3.8/site-packages/airflow/example_dags/example_branch_python_dop_operator_3.py
[2023-12-21T20:41:31.929+0000] {processor.py:839} INFO - DAG(s) dict_keys(['example_branch_dop_operator_v3']) retrieved from /home/airflow/.local/lib/python3.8/site-packages/airflow/example_dags/example_branch_python_dop_operator_3.py
[2023-12-21T20:41:31.942+0000] {logging_mixin.py:154} INFO - [2023-12-21T20:41:31.942+0000] {dag.py:2941} INFO - Sync 1 DAGs
[2023-12-21T20:41:31.956+0000] {logging_mixin.py:154} INFO - [2023-12-21T20:41:31.956+0000] {dag.py:3722} INFO - Setting next_dagrun for example_branch_dop_operator_v3 to 2023-12-21T20:40:00+00:00, run_after=2023-12-21T20:41:00+00:00
[2023-12-21T20:41:31.966+0000] {processor.py:179} INFO - Processing /home/airflow/.local/lib/python3.8/site-packages/airflow/example_dags/example_branch_python_dop_operator_3.py took 0.049 seconds
