[2023-12-21T20:40:32.826+0000] {processor.py:157} INFO - Started process (PID=49) to work on /home/airflow/.local/lib/python3.8/site-packages/airflow/example_dags/example_latest_only.py
[2023-12-21T20:40:32.828+0000] {processor.py:829} INFO - Processing file /home/airflow/.local/lib/python3.8/site-packages/airflow/example_dags/example_latest_only.py for tasks to queue
[2023-12-21T20:40:32.831+0000] {logging_mixin.py:154} INFO - [2023-12-21T20:40:32.831+0000] {dagbag.py:536} INFO - Filling up the DagBag from /home/airflow/.local/lib/python3.8/site-packages/airflow/example_dags/example_latest_only.py
[2023-12-21T20:40:32.839+0000] {processor.py:839} INFO - DAG(s) dict_keys(['latest_only']) retrieved from /home/airflow/.local/lib/python3.8/site-packages/airflow/example_dags/example_latest_only.py
[2023-12-21T20:40:32.989+0000] {logging_mixin.py:154} INFO - [2023-12-21T20:40:32.988+0000] {manager.py:499} INFO - Created Permission View: %s
[2023-12-21T20:40:32.999+0000] {logging_mixin.py:154} INFO - [2023-12-21T20:40:32.999+0000] {manager.py:499} INFO - Created Permission View: %s
[2023-12-21T20:40:33.009+0000] {logging_mixin.py:154} INFO - [2023-12-21T20:40:33.009+0000] {manager.py:499} INFO - Created Permission View: %s
[2023-12-21T20:40:33.010+0000] {logging_mixin.py:154} INFO - [2023-12-21T20:40:33.010+0000] {dag.py:2941} INFO - Sync 1 DAGs
[2023-12-21T20:40:33.022+0000] {logging_mixin.py:154} INFO - [2023-12-21T20:40:33.021+0000] {dag.py:2963} INFO - Creating ORM DAG for latest_only
[2023-12-21T20:40:33.037+0000] {logging_mixin.py:154} INFO - [2023-12-21T20:40:33.036+0000] {dag.py:3722} INFO - Setting next_dagrun for latest_only to 2023-12-21T16:40:33.036669+00:00, run_after=2023-12-21T20:40:33.036669+00:00
[2023-12-21T20:40:33.055+0000] {processor.py:179} INFO - Processing /home/airflow/.local/lib/python3.8/site-packages/airflow/example_dags/example_latest_only.py took 0.232 seconds
[2023-12-21T20:41:03.076+0000] {processor.py:157} INFO - Started process (PID=103) to work on /home/airflow/.local/lib/python3.8/site-packages/airflow/example_dags/example_latest_only.py
[2023-12-21T20:41:03.076+0000] {processor.py:829} INFO - Processing file /home/airflow/.local/lib/python3.8/site-packages/airflow/example_dags/example_latest_only.py for tasks to queue
[2023-12-21T20:41:03.078+0000] {logging_mixin.py:154} INFO - [2023-12-21T20:41:03.078+0000] {dagbag.py:536} INFO - Filling up the DagBag from /home/airflow/.local/lib/python3.8/site-packages/airflow/example_dags/example_latest_only.py
[2023-12-21T20:41:03.081+0000] {processor.py:839} INFO - DAG(s) dict_keys(['latest_only']) retrieved from /home/airflow/.local/lib/python3.8/site-packages/airflow/example_dags/example_latest_only.py
[2023-12-21T20:41:03.093+0000] {logging_mixin.py:154} INFO - [2023-12-21T20:41:03.093+0000] {dag.py:2941} INFO - Sync 1 DAGs
[2023-12-21T20:41:03.106+0000] {logging_mixin.py:154} INFO - [2023-12-21T20:41:03.106+0000] {dag.py:3722} INFO - Setting next_dagrun for latest_only to 2023-12-21T16:41:03.106124+00:00, run_after=2023-12-21T20:41:03.106124+00:00
[2023-12-21T20:41:03.116+0000] {processor.py:179} INFO - Processing /home/airflow/.local/lib/python3.8/site-packages/airflow/example_dags/example_latest_only.py took 0.043 seconds
[2023-12-21T20:41:33.422+0000] {processor.py:157} INFO - Started process (PID=157) to work on /home/airflow/.local/lib/python3.8/site-packages/airflow/example_dags/example_latest_only.py
[2023-12-21T20:41:33.423+0000] {processor.py:829} INFO - Processing file /home/airflow/.local/lib/python3.8/site-packages/airflow/example_dags/example_latest_only.py for tasks to queue
[2023-12-21T20:41:33.424+0000] {logging_mixin.py:154} INFO - [2023-12-21T20:41:33.424+0000] {dagbag.py:536} INFO - Filling up the DagBag from /home/airflow/.local/lib/python3.8/site-packages/airflow/example_dags/example_latest_only.py
[2023-12-21T20:41:33.428+0000] {processor.py:839} INFO - DAG(s) dict_keys(['latest_only']) retrieved from /home/airflow/.local/lib/python3.8/site-packages/airflow/example_dags/example_latest_only.py
[2023-12-21T20:41:33.440+0000] {logging_mixin.py:154} INFO - [2023-12-21T20:41:33.440+0000] {dag.py:2941} INFO - Sync 1 DAGs
[2023-12-21T20:41:33.452+0000] {logging_mixin.py:154} INFO - [2023-12-21T20:41:33.451+0000] {dag.py:3722} INFO - Setting next_dagrun for latest_only to 2023-12-21T16:41:33.451737+00:00, run_after=2023-12-21T20:41:33.451737+00:00
[2023-12-21T20:41:33.460+0000] {processor.py:179} INFO - Processing /home/airflow/.local/lib/python3.8/site-packages/airflow/example_dags/example_latest_only.py took 0.040 seconds
