[2023-12-21T20:40:33.081+0000] {processor.py:157} INFO - Started process (PID=50) to work on /home/airflow/.local/lib/python3.8/site-packages/airflow/example_dags/example_nested_branch_dag.py
[2023-12-21T20:40:33.082+0000] {processor.py:829} INFO - Processing file /home/airflow/.local/lib/python3.8/site-packages/airflow/example_dags/example_nested_branch_dag.py for tasks to queue
[2023-12-21T20:40:33.086+0000] {logging_mixin.py:154} INFO - [2023-12-21T20:40:33.085+0000] {dagbag.py:536} INFO - Filling up the DagBag from /home/airflow/.local/lib/python3.8/site-packages/airflow/example_dags/example_nested_branch_dag.py
[2023-12-21T20:40:33.097+0000] {processor.py:839} INFO - DAG(s) dict_keys(['example_nested_branch_dag']) retrieved from /home/airflow/.local/lib/python3.8/site-packages/airflow/example_dags/example_nested_branch_dag.py
[2023-12-21T20:40:33.252+0000] {logging_mixin.py:154} INFO - [2023-12-21T20:40:33.252+0000] {manager.py:499} INFO - Created Permission View: %s
[2023-12-21T20:40:33.262+0000] {logging_mixin.py:154} INFO - [2023-12-21T20:40:33.262+0000] {manager.py:499} INFO - Created Permission View: %s
[2023-12-21T20:40:33.269+0000] {logging_mixin.py:154} INFO - [2023-12-21T20:40:33.269+0000] {manager.py:499} INFO - Created Permission View: %s
[2023-12-21T20:40:33.272+0000] {logging_mixin.py:154} INFO - [2023-12-21T20:40:33.272+0000] {dag.py:2941} INFO - Sync 1 DAGs
[2023-12-21T20:40:33.285+0000] {logging_mixin.py:154} INFO - [2023-12-21T20:40:33.285+0000] {dag.py:2963} INFO - Creating ORM DAG for example_nested_branch_dag
[2023-12-21T20:40:33.297+0000] {logging_mixin.py:154} INFO - [2023-12-21T20:40:33.296+0000] {dag.py:3722} INFO - Setting next_dagrun for example_nested_branch_dag to 2023-12-20T00:00:00+00:00, run_after=2023-12-21T00:00:00+00:00
[2023-12-21T20:40:33.320+0000] {processor.py:179} INFO - Processing /home/airflow/.local/lib/python3.8/site-packages/airflow/example_dags/example_nested_branch_dag.py took 0.243 seconds
[2023-12-21T20:41:04.117+0000] {processor.py:157} INFO - Started process (PID=104) to work on /home/airflow/.local/lib/python3.8/site-packages/airflow/example_dags/example_nested_branch_dag.py
[2023-12-21T20:41:04.119+0000] {processor.py:829} INFO - Processing file /home/airflow/.local/lib/python3.8/site-packages/airflow/example_dags/example_nested_branch_dag.py for tasks to queue
[2023-12-21T20:41:04.122+0000] {logging_mixin.py:154} INFO - [2023-12-21T20:41:04.122+0000] {dagbag.py:536} INFO - Filling up the DagBag from /home/airflow/.local/lib/python3.8/site-packages/airflow/example_dags/example_nested_branch_dag.py
[2023-12-21T20:41:04.134+0000] {processor.py:839} INFO - DAG(s) dict_keys(['example_nested_branch_dag']) retrieved from /home/airflow/.local/lib/python3.8/site-packages/airflow/example_dags/example_nested_branch_dag.py
[2023-12-21T20:41:04.150+0000] {logging_mixin.py:154} INFO - [2023-12-21T20:41:04.150+0000] {dag.py:2941} INFO - Sync 1 DAGs
[2023-12-21T20:41:04.165+0000] {logging_mixin.py:154} INFO - [2023-12-21T20:41:04.165+0000] {dag.py:3722} INFO - Setting next_dagrun for example_nested_branch_dag to 2023-12-20T00:00:00+00:00, run_after=2023-12-21T00:00:00+00:00
[2023-12-21T20:41:04.174+0000] {processor.py:179} INFO - Processing /home/airflow/.local/lib/python3.8/site-packages/airflow/example_dags/example_nested_branch_dag.py took 0.062 seconds
[2023-12-21T20:41:34.477+0000] {processor.py:157} INFO - Started process (PID=158) to work on /home/airflow/.local/lib/python3.8/site-packages/airflow/example_dags/example_nested_branch_dag.py
[2023-12-21T20:41:34.478+0000] {processor.py:829} INFO - Processing file /home/airflow/.local/lib/python3.8/site-packages/airflow/example_dags/example_nested_branch_dag.py for tasks to queue
[2023-12-21T20:41:34.479+0000] {logging_mixin.py:154} INFO - [2023-12-21T20:41:34.479+0000] {dagbag.py:536} INFO - Filling up the DagBag from /home/airflow/.local/lib/python3.8/site-packages/airflow/example_dags/example_nested_branch_dag.py
[2023-12-21T20:41:34.487+0000] {processor.py:839} INFO - DAG(s) dict_keys(['example_nested_branch_dag']) retrieved from /home/airflow/.local/lib/python3.8/site-packages/airflow/example_dags/example_nested_branch_dag.py
[2023-12-21T20:41:34.502+0000] {logging_mixin.py:154} INFO - [2023-12-21T20:41:34.502+0000] {dag.py:2941} INFO - Sync 1 DAGs
[2023-12-21T20:41:34.516+0000] {logging_mixin.py:154} INFO - [2023-12-21T20:41:34.515+0000] {dag.py:3722} INFO - Setting next_dagrun for example_nested_branch_dag to 2023-12-20T00:00:00+00:00, run_after=2023-12-21T00:00:00+00:00
[2023-12-21T20:41:34.526+0000] {processor.py:179} INFO - Processing /home/airflow/.local/lib/python3.8/site-packages/airflow/example_dags/example_nested_branch_dag.py took 0.052 seconds
