[2023-12-21T20:40:31.789+0000] {processor.py:157} INFO - Started process (PID=42) to work on /home/airflow/.local/lib/python3.8/site-packages/airflow/example_dags/example_branch_day_of_week_operator.py
[2023-12-21T20:40:31.790+0000] {processor.py:829} INFO - Processing file /home/airflow/.local/lib/python3.8/site-packages/airflow/example_dags/example_branch_day_of_week_operator.py for tasks to queue
[2023-12-21T20:40:31.793+0000] {logging_mixin.py:154} INFO - [2023-12-21T20:40:31.793+0000] {dagbag.py:536} INFO - Filling up the DagBag from /home/airflow/.local/lib/python3.8/site-packages/airflow/example_dags/example_branch_day_of_week_operator.py
[2023-12-21T20:40:31.801+0000] {processor.py:839} INFO - DAG(s) dict_keys(['example_weekday_branch_operator']) retrieved from /home/airflow/.local/lib/python3.8/site-packages/airflow/example_dags/example_branch_day_of_week_operator.py
[2023-12-21T20:40:31.878+0000] {logging_mixin.py:154} INFO - [2023-12-21T20:40:31.878+0000] {manager.py:499} INFO - Created Permission View: %s
[2023-12-21T20:40:31.888+0000] {logging_mixin.py:154} INFO - [2023-12-21T20:40:31.888+0000] {manager.py:499} INFO - Created Permission View: %s
[2023-12-21T20:40:31.897+0000] {logging_mixin.py:154} INFO - [2023-12-21T20:40:31.897+0000] {manager.py:499} INFO - Created Permission View: %s
[2023-12-21T20:40:31.898+0000] {logging_mixin.py:154} INFO - [2023-12-21T20:40:31.898+0000] {dag.py:2941} INFO - Sync 1 DAGs
[2023-12-21T20:40:31.907+0000] {logging_mixin.py:154} INFO - [2023-12-21T20:40:31.907+0000] {dag.py:2963} INFO - Creating ORM DAG for example_weekday_branch_operator
[2023-12-21T20:40:31.916+0000] {logging_mixin.py:154} INFO - [2023-12-21T20:40:31.916+0000] {dag.py:3722} INFO - Setting next_dagrun for example_weekday_branch_operator to 2023-12-20T00:00:00+00:00, run_after=2023-12-21T00:00:00+00:00
[2023-12-21T20:40:31.937+0000] {processor.py:179} INFO - Processing /home/airflow/.local/lib/python3.8/site-packages/airflow/example_dags/example_branch_day_of_week_operator.py took 0.153 seconds
[2023-12-21T20:41:02.835+0000] {processor.py:157} INFO - Started process (PID=96) to work on /home/airflow/.local/lib/python3.8/site-packages/airflow/example_dags/example_branch_day_of_week_operator.py
[2023-12-21T20:41:02.836+0000] {processor.py:829} INFO - Processing file /home/airflow/.local/lib/python3.8/site-packages/airflow/example_dags/example_branch_day_of_week_operator.py for tasks to queue
[2023-12-21T20:41:02.838+0000] {logging_mixin.py:154} INFO - [2023-12-21T20:41:02.837+0000] {dagbag.py:536} INFO - Filling up the DagBag from /home/airflow/.local/lib/python3.8/site-packages/airflow/example_dags/example_branch_day_of_week_operator.py
[2023-12-21T20:41:02.843+0000] {processor.py:839} INFO - DAG(s) dict_keys(['example_weekday_branch_operator']) retrieved from /home/airflow/.local/lib/python3.8/site-packages/airflow/example_dags/example_branch_day_of_week_operator.py
[2023-12-21T20:41:02.854+0000] {logging_mixin.py:154} INFO - [2023-12-21T20:41:02.854+0000] {dag.py:2941} INFO - Sync 1 DAGs
[2023-12-21T20:41:02.866+0000] {logging_mixin.py:154} INFO - [2023-12-21T20:41:02.866+0000] {dag.py:3722} INFO - Setting next_dagrun for example_weekday_branch_operator to 2023-12-20T00:00:00+00:00, run_after=2023-12-21T00:00:00+00:00
[2023-12-21T20:41:02.875+0000] {processor.py:179} INFO - Processing /home/airflow/.local/lib/python3.8/site-packages/airflow/example_dags/example_branch_day_of_week_operator.py took 0.041 seconds
[2023-12-21T20:41:33.135+0000] {processor.py:157} INFO - Started process (PID=150) to work on /home/airflow/.local/lib/python3.8/site-packages/airflow/example_dags/example_branch_day_of_week_operator.py
[2023-12-21T20:41:33.136+0000] {processor.py:829} INFO - Processing file /home/airflow/.local/lib/python3.8/site-packages/airflow/example_dags/example_branch_day_of_week_operator.py for tasks to queue
[2023-12-21T20:41:33.138+0000] {logging_mixin.py:154} INFO - [2023-12-21T20:41:33.138+0000] {dagbag.py:536} INFO - Filling up the DagBag from /home/airflow/.local/lib/python3.8/site-packages/airflow/example_dags/example_branch_day_of_week_operator.py
[2023-12-21T20:41:33.143+0000] {processor.py:839} INFO - DAG(s) dict_keys(['example_weekday_branch_operator']) retrieved from /home/airflow/.local/lib/python3.8/site-packages/airflow/example_dags/example_branch_day_of_week_operator.py
[2023-12-21T20:41:33.158+0000] {logging_mixin.py:154} INFO - [2023-12-21T20:41:33.158+0000] {dag.py:2941} INFO - Sync 1 DAGs
[2023-12-21T20:41:33.183+0000] {logging_mixin.py:154} INFO - [2023-12-21T20:41:33.182+0000] {dag.py:3722} INFO - Setting next_dagrun for example_weekday_branch_operator to 2023-12-20T00:00:00+00:00, run_after=2023-12-21T00:00:00+00:00
[2023-12-21T20:41:33.198+0000] {processor.py:179} INFO - Processing /home/airflow/.local/lib/python3.8/site-packages/airflow/example_dags/example_branch_day_of_week_operator.py took 0.065 seconds
