[2023-12-21T20:40:32.482+0000] {processor.py:157} INFO - Started process (PID=47) to work on /home/airflow/.local/lib/python3.8/site-packages/airflow/example_dags/example_params_ui_tutorial.py
[2023-12-21T20:40:32.483+0000] {processor.py:829} INFO - Processing file /home/airflow/.local/lib/python3.8/site-packages/airflow/example_dags/example_params_ui_tutorial.py for tasks to queue
[2023-12-21T20:40:32.486+0000] {logging_mixin.py:154} INFO - [2023-12-21T20:40:32.486+0000] {dagbag.py:536} INFO - Filling up the DagBag from /home/airflow/.local/lib/python3.8/site-packages/airflow/example_dags/example_params_ui_tutorial.py
[2023-12-21T20:40:32.537+0000] {processor.py:839} INFO - DAG(s) dict_keys(['example_params_ui_tutorial']) retrieved from /home/airflow/.local/lib/python3.8/site-packages/airflow/example_dags/example_params_ui_tutorial.py
[2023-12-21T20:40:32.737+0000] {logging_mixin.py:154} INFO - [2023-12-21T20:40:32.736+0000] {manager.py:499} INFO - Created Permission View: %s
[2023-12-21T20:40:32.754+0000] {logging_mixin.py:154} INFO - [2023-12-21T20:40:32.754+0000] {manager.py:499} INFO - Created Permission View: %s
[2023-12-21T20:40:32.761+0000] {logging_mixin.py:154} INFO - [2023-12-21T20:40:32.760+0000] {manager.py:499} INFO - Created Permission View: %s
[2023-12-21T20:40:32.762+0000] {logging_mixin.py:154} INFO - [2023-12-21T20:40:32.762+0000] {dag.py:2941} INFO - Sync 1 DAGs
[2023-12-21T20:40:32.778+0000] {logging_mixin.py:154} INFO - [2023-12-21T20:40:32.778+0000] {dag.py:2963} INFO - Creating ORM DAG for example_params_ui_tutorial
[2023-12-21T20:40:32.780+0000] {logging_mixin.py:154} INFO - [2023-12-21T20:40:32.780+0000] {dag.py:3722} INFO - Setting next_dagrun for example_params_ui_tutorial to None, run_after=None
[2023-12-21T20:40:32.801+0000] {processor.py:179} INFO - Processing /home/airflow/.local/lib/python3.8/site-packages/airflow/example_dags/example_params_ui_tutorial.py took 0.322 seconds
[2023-12-21T20:41:02.997+0000] {processor.py:157} INFO - Started process (PID=101) to work on /home/airflow/.local/lib/python3.8/site-packages/airflow/example_dags/example_params_ui_tutorial.py
[2023-12-21T20:41:02.998+0000] {processor.py:829} INFO - Processing file /home/airflow/.local/lib/python3.8/site-packages/airflow/example_dags/example_params_ui_tutorial.py for tasks to queue
[2023-12-21T20:41:02.999+0000] {logging_mixin.py:154} INFO - [2023-12-21T20:41:02.999+0000] {dagbag.py:536} INFO - Filling up the DagBag from /home/airflow/.local/lib/python3.8/site-packages/airflow/example_dags/example_params_ui_tutorial.py
[2023-12-21T20:41:03.021+0000] {processor.py:839} INFO - DAG(s) dict_keys(['example_params_ui_tutorial']) retrieved from /home/airflow/.local/lib/python3.8/site-packages/airflow/example_dags/example_params_ui_tutorial.py
[2023-12-21T20:41:03.046+0000] {logging_mixin.py:154} INFO - [2023-12-21T20:41:03.046+0000] {dag.py:2941} INFO - Sync 1 DAGs
[2023-12-21T20:41:03.053+0000] {logging_mixin.py:154} INFO - [2023-12-21T20:41:03.053+0000] {dag.py:3722} INFO - Setting next_dagrun for example_params_ui_tutorial to None, run_after=None
[2023-12-21T20:41:03.064+0000] {processor.py:179} INFO - Processing /home/airflow/.local/lib/python3.8/site-packages/airflow/example_dags/example_params_ui_tutorial.py took 0.069 seconds
[2023-12-21T20:41:33.343+0000] {processor.py:157} INFO - Started process (PID=155) to work on /home/airflow/.local/lib/python3.8/site-packages/airflow/example_dags/example_params_ui_tutorial.py
[2023-12-21T20:41:33.344+0000] {processor.py:829} INFO - Processing file /home/airflow/.local/lib/python3.8/site-packages/airflow/example_dags/example_params_ui_tutorial.py for tasks to queue
[2023-12-21T20:41:33.345+0000] {logging_mixin.py:154} INFO - [2023-12-21T20:41:33.345+0000] {dagbag.py:536} INFO - Filling up the DagBag from /home/airflow/.local/lib/python3.8/site-packages/airflow/example_dags/example_params_ui_tutorial.py
[2023-12-21T20:41:33.366+0000] {processor.py:839} INFO - DAG(s) dict_keys(['example_params_ui_tutorial']) retrieved from /home/airflow/.local/lib/python3.8/site-packages/airflow/example_dags/example_params_ui_tutorial.py
[2023-12-21T20:41:33.391+0000] {logging_mixin.py:154} INFO - [2023-12-21T20:41:33.391+0000] {dag.py:2941} INFO - Sync 1 DAGs
[2023-12-21T20:41:33.398+0000] {logging_mixin.py:154} INFO - [2023-12-21T20:41:33.398+0000] {dag.py:3722} INFO - Setting next_dagrun for example_params_ui_tutorial to None, run_after=None
[2023-12-21T20:41:33.408+0000] {processor.py:179} INFO - Processing /home/airflow/.local/lib/python3.8/site-packages/airflow/example_dags/example_params_ui_tutorial.py took 0.068 seconds
