[2023-12-21T20:40:33.682+0000] {processor.py:157} INFO - Started process (PID=54) to work on /home/airflow/.local/lib/python3.8/site-packages/airflow/example_dags/example_short_circuit_decorator.py
[2023-12-21T20:40:33.689+0000] {processor.py:829} INFO - Processing file /home/airflow/.local/lib/python3.8/site-packages/airflow/example_dags/example_short_circuit_decorator.py for tasks to queue
[2023-12-21T20:40:33.694+0000] {logging_mixin.py:154} INFO - [2023-12-21T20:40:33.693+0000] {dagbag.py:536} INFO - Filling up the DagBag from /home/airflow/.local/lib/python3.8/site-packages/airflow/example_dags/example_short_circuit_decorator.py
[2023-12-21T20:40:33.712+0000] {processor.py:839} INFO - DAG(s) dict_keys(['example_short_circuit_decorator']) retrieved from /home/airflow/.local/lib/python3.8/site-packages/airflow/example_dags/example_short_circuit_decorator.py
[2023-12-21T20:40:33.975+0000] {logging_mixin.py:154} INFO - [2023-12-21T20:40:33.975+0000] {manager.py:499} INFO - Created Permission View: %s
[2023-12-21T20:40:33.988+0000] {logging_mixin.py:154} INFO - [2023-12-21T20:40:33.988+0000] {manager.py:499} INFO - Created Permission View: %s
[2023-12-21T20:40:33.993+0000] {logging_mixin.py:154} INFO - [2023-12-21T20:40:33.993+0000] {manager.py:499} INFO - Created Permission View: %s
[2023-12-21T20:40:33.994+0000] {logging_mixin.py:154} INFO - [2023-12-21T20:40:33.994+0000] {dag.py:2941} INFO - Sync 1 DAGs
[2023-12-21T20:40:34.030+0000] {logging_mixin.py:154} INFO - [2023-12-21T20:40:34.029+0000] {dag.py:2963} INFO - Creating ORM DAG for example_short_circuit_decorator
[2023-12-21T20:40:34.048+0000] {logging_mixin.py:154} INFO - [2023-12-21T20:40:34.047+0000] {dag.py:3722} INFO - Setting next_dagrun for example_short_circuit_decorator to 2023-12-20T20:40:34.047302+00:00, run_after=2023-12-21T20:40:34.047302+00:00
[2023-12-21T20:40:34.071+0000] {processor.py:179} INFO - Processing /home/airflow/.local/lib/python3.8/site-packages/airflow/example_dags/example_short_circuit_decorator.py took 0.393 seconds
[2023-12-21T20:41:04.283+0000] {processor.py:157} INFO - Started process (PID=109) to work on /home/airflow/.local/lib/python3.8/site-packages/airflow/example_dags/example_short_circuit_decorator.py
[2023-12-21T20:41:04.284+0000] {processor.py:829} INFO - Processing file /home/airflow/.local/lib/python3.8/site-packages/airflow/example_dags/example_short_circuit_decorator.py for tasks to queue
[2023-12-21T20:41:04.285+0000] {logging_mixin.py:154} INFO - [2023-12-21T20:41:04.285+0000] {dagbag.py:536} INFO - Filling up the DagBag from /home/airflow/.local/lib/python3.8/site-packages/airflow/example_dags/example_short_circuit_decorator.py
[2023-12-21T20:41:04.291+0000] {processor.py:839} INFO - DAG(s) dict_keys(['example_short_circuit_decorator']) retrieved from /home/airflow/.local/lib/python3.8/site-packages/airflow/example_dags/example_short_circuit_decorator.py
[2023-12-21T20:41:04.302+0000] {logging_mixin.py:154} INFO - [2023-12-21T20:41:04.302+0000] {dag.py:2941} INFO - Sync 1 DAGs
[2023-12-21T20:41:04.313+0000] {logging_mixin.py:154} INFO - [2023-12-21T20:41:04.313+0000] {dag.py:3722} INFO - Setting next_dagrun for example_short_circuit_decorator to 2023-12-20T20:41:04.313493+00:00, run_after=2023-12-21T20:41:04.313493+00:00
[2023-12-21T20:41:04.321+0000] {processor.py:179} INFO - Processing /home/airflow/.local/lib/python3.8/site-packages/airflow/example_dags/example_short_circuit_decorator.py took 0.040 seconds
[2023-12-21T20:41:34.601+0000] {processor.py:157} INFO - Started process (PID=162) to work on /home/airflow/.local/lib/python3.8/site-packages/airflow/example_dags/example_short_circuit_decorator.py
[2023-12-21T20:41:34.602+0000] {processor.py:829} INFO - Processing file /home/airflow/.local/lib/python3.8/site-packages/airflow/example_dags/example_short_circuit_decorator.py for tasks to queue
[2023-12-21T20:41:34.603+0000] {logging_mixin.py:154} INFO - [2023-12-21T20:41:34.603+0000] {dagbag.py:536} INFO - Filling up the DagBag from /home/airflow/.local/lib/python3.8/site-packages/airflow/example_dags/example_short_circuit_decorator.py
[2023-12-21T20:41:34.608+0000] {processor.py:839} INFO - DAG(s) dict_keys(['example_short_circuit_decorator']) retrieved from /home/airflow/.local/lib/python3.8/site-packages/airflow/example_dags/example_short_circuit_decorator.py
[2023-12-21T20:41:34.621+0000] {logging_mixin.py:154} INFO - [2023-12-21T20:41:34.621+0000] {dag.py:2941} INFO - Sync 1 DAGs
[2023-12-21T20:41:34.631+0000] {logging_mixin.py:154} INFO - [2023-12-21T20:41:34.631+0000] {dag.py:3722} INFO - Setting next_dagrun for example_short_circuit_decorator to 2023-12-20T20:41:34.631778+00:00, run_after=2023-12-21T20:41:34.631778+00:00
[2023-12-21T20:41:34.641+0000] {processor.py:179} INFO - Processing /home/airflow/.local/lib/python3.8/site-packages/airflow/example_dags/example_short_circuit_decorator.py took 0.042 seconds
