[2023-12-21T20:40:36.448+0000] {processor.py:157} INFO - Started process (PID=70) to work on /home/airflow/.local/lib/python3.8/site-packages/airflow/example_dags/example_branch_datetime_operator.py
[2023-12-21T20:40:36.449+0000] {processor.py:829} INFO - Processing file /home/airflow/.local/lib/python3.8/site-packages/airflow/example_dags/example_branch_datetime_operator.py for tasks to queue
[2023-12-21T20:40:36.451+0000] {logging_mixin.py:154} INFO - [2023-12-21T20:40:36.451+0000] {dagbag.py:536} INFO - Filling up the DagBag from /home/airflow/.local/lib/python3.8/site-packages/airflow/example_dags/example_branch_datetime_operator.py
[2023-12-21T20:40:36.462+0000] {processor.py:839} INFO - DAG(s) dict_keys(['example_branch_datetime_operator_2', 'example_branch_datetime_operator_3', 'example_branch_datetime_operator']) retrieved from /home/airflow/.local/lib/python3.8/site-packages/airflow/example_dags/example_branch_datetime_operator.py
[2023-12-21T20:40:36.527+0000] {logging_mixin.py:154} INFO - [2023-12-21T20:40:36.527+0000] {manager.py:499} INFO - Created Permission View: %s
[2023-12-21T20:40:36.534+0000] {logging_mixin.py:154} INFO - [2023-12-21T20:40:36.534+0000] {manager.py:499} INFO - Created Permission View: %s
[2023-12-21T20:40:36.540+0000] {logging_mixin.py:154} INFO - [2023-12-21T20:40:36.540+0000] {manager.py:499} INFO - Created Permission View: %s
[2023-12-21T20:40:36.550+0000] {logging_mixin.py:154} INFO - [2023-12-21T20:40:36.550+0000] {manager.py:499} INFO - Created Permission View: %s
[2023-12-21T20:40:36.554+0000] {logging_mixin.py:154} INFO - [2023-12-21T20:40:36.554+0000] {manager.py:499} INFO - Created Permission View: %s
[2023-12-21T20:40:36.558+0000] {logging_mixin.py:154} INFO - [2023-12-21T20:40:36.558+0000] {manager.py:499} INFO - Created Permission View: %s
[2023-12-21T20:40:36.569+0000] {logging_mixin.py:154} INFO - [2023-12-21T20:40:36.569+0000] {manager.py:499} INFO - Created Permission View: %s
[2023-12-21T20:40:36.575+0000] {logging_mixin.py:154} INFO - [2023-12-21T20:40:36.575+0000] {manager.py:499} INFO - Created Permission View: %s
[2023-12-21T20:40:36.581+0000] {logging_mixin.py:154} INFO - [2023-12-21T20:40:36.581+0000] {manager.py:499} INFO - Created Permission View: %s
[2023-12-21T20:40:36.582+0000] {logging_mixin.py:154} INFO - [2023-12-21T20:40:36.581+0000] {dag.py:2941} INFO - Sync 3 DAGs
[2023-12-21T20:40:36.589+0000] {logging_mixin.py:154} INFO - [2023-12-21T20:40:36.589+0000] {dag.py:2963} INFO - Creating ORM DAG for example_branch_datetime_operator
[2023-12-21T20:40:36.590+0000] {logging_mixin.py:154} INFO - [2023-12-21T20:40:36.590+0000] {dag.py:2963} INFO - Creating ORM DAG for example_branch_datetime_operator_2
[2023-12-21T20:40:36.591+0000] {logging_mixin.py:154} INFO - [2023-12-21T20:40:36.590+0000] {dag.py:2963} INFO - Creating ORM DAG for example_branch_datetime_operator_3
[2023-12-21T20:40:36.599+0000] {logging_mixin.py:154} INFO - [2023-12-21T20:40:36.599+0000] {dag.py:3722} INFO - Setting next_dagrun for example_branch_datetime_operator to 2023-12-20T00:00:00+00:00, run_after=2023-12-21T00:00:00+00:00
[2023-12-21T20:40:36.600+0000] {logging_mixin.py:154} INFO - [2023-12-21T20:40:36.600+0000] {dag.py:3722} INFO - Setting next_dagrun for example_branch_datetime_operator_2 to 2023-12-20T00:00:00+00:00, run_after=2023-12-21T00:00:00+00:00
[2023-12-21T20:40:36.602+0000] {logging_mixin.py:154} INFO - [2023-12-21T20:40:36.602+0000] {dag.py:3722} INFO - Setting next_dagrun for example_branch_datetime_operator_3 to 2023-12-20T00:00:00+00:00, run_after=2023-12-21T00:00:00+00:00
[2023-12-21T20:40:36.616+0000] {processor.py:179} INFO - Processing /home/airflow/.local/lib/python3.8/site-packages/airflow/example_dags/example_branch_datetime_operator.py took 0.172 seconds
[2023-12-21T20:41:06.844+0000] {processor.py:157} INFO - Started process (PID=124) to work on /home/airflow/.local/lib/python3.8/site-packages/airflow/example_dags/example_branch_datetime_operator.py
[2023-12-21T20:41:06.845+0000] {processor.py:829} INFO - Processing file /home/airflow/.local/lib/python3.8/site-packages/airflow/example_dags/example_branch_datetime_operator.py for tasks to queue
[2023-12-21T20:41:06.846+0000] {logging_mixin.py:154} INFO - [2023-12-21T20:41:06.846+0000] {dagbag.py:536} INFO - Filling up the DagBag from /home/airflow/.local/lib/python3.8/site-packages/airflow/example_dags/example_branch_datetime_operator.py
[2023-12-21T20:41:06.852+0000] {processor.py:839} INFO - DAG(s) dict_keys(['example_branch_datetime_operator', 'example_branch_datetime_operator_3', 'example_branch_datetime_operator_2']) retrieved from /home/airflow/.local/lib/python3.8/site-packages/airflow/example_dags/example_branch_datetime_operator.py
[2023-12-21T20:41:06.870+0000] {logging_mixin.py:154} INFO - [2023-12-21T20:41:06.869+0000] {dag.py:2941} INFO - Sync 3 DAGs
[2023-12-21T20:41:06.882+0000] {logging_mixin.py:154} INFO - [2023-12-21T20:41:06.882+0000] {dag.py:3722} INFO - Setting next_dagrun for example_branch_datetime_operator to 2023-12-20T00:00:00+00:00, run_after=2023-12-21T00:00:00+00:00
[2023-12-21T20:41:06.884+0000] {logging_mixin.py:154} INFO - [2023-12-21T20:41:06.884+0000] {dag.py:3722} INFO - Setting next_dagrun for example_branch_datetime_operator_2 to 2023-12-20T00:00:00+00:00, run_after=2023-12-21T00:00:00+00:00
[2023-12-21T20:41:06.886+0000] {logging_mixin.py:154} INFO - [2023-12-21T20:41:06.886+0000] {dag.py:3722} INFO - Setting next_dagrun for example_branch_datetime_operator_3 to 2023-12-20T00:00:00+00:00, run_after=2023-12-21T00:00:00+00:00
[2023-12-21T20:41:06.894+0000] {processor.py:179} INFO - Processing /home/airflow/.local/lib/python3.8/site-packages/airflow/example_dags/example_branch_datetime_operator.py took 0.052 seconds
