[2023-12-21T20:40:31.980+0000] {processor.py:157} INFO - Started process (PID=44) to work on /home/airflow/.local/lib/python3.8/site-packages/airflow/example_dags/example_sensors.py
[2023-12-21T20:40:31.982+0000] {processor.py:829} INFO - Processing file /home/airflow/.local/lib/python3.8/site-packages/airflow/example_dags/example_sensors.py for tasks to queue
[2023-12-21T20:40:31.987+0000] {logging_mixin.py:154} INFO - [2023-12-21T20:40:31.986+0000] {dagbag.py:536} INFO - Filling up the DagBag from /home/airflow/.local/lib/python3.8/site-packages/airflow/example_dags/example_sensors.py
[2023-12-21T20:40:32.012+0000] {processor.py:839} INFO - DAG(s) dict_keys(['example_sensors']) retrieved from /home/airflow/.local/lib/python3.8/site-packages/airflow/example_dags/example_sensors.py
[2023-12-21T20:40:32.174+0000] {logging_mixin.py:154} INFO - [2023-12-21T20:40:32.174+0000] {manager.py:499} INFO - Created Permission View: %s
[2023-12-21T20:40:32.186+0000] {logging_mixin.py:154} INFO - [2023-12-21T20:40:32.186+0000] {manager.py:499} INFO - Created Permission View: %s
[2023-12-21T20:40:32.196+0000] {logging_mixin.py:154} INFO - [2023-12-21T20:40:32.195+0000] {manager.py:499} INFO - Created Permission View: %s
[2023-12-21T20:40:32.197+0000] {logging_mixin.py:154} INFO - [2023-12-21T20:40:32.196+0000] {dag.py:2941} INFO - Sync 1 DAGs
[2023-12-21T20:40:32.211+0000] {logging_mixin.py:154} INFO - [2023-12-21T20:40:32.210+0000] {dag.py:2963} INFO - Creating ORM DAG for example_sensors
[2023-12-21T20:40:32.211+0000] {logging_mixin.py:154} INFO - [2023-12-21T20:40:32.211+0000] {dag.py:3722} INFO - Setting next_dagrun for example_sensors to None, run_after=None
[2023-12-21T20:40:32.240+0000] {processor.py:179} INFO - Processing /home/airflow/.local/lib/python3.8/site-packages/airflow/example_dags/example_sensors.py took 0.266 seconds
[2023-12-21T20:41:02.888+0000] {processor.py:157} INFO - Started process (PID=98) to work on /home/airflow/.local/lib/python3.8/site-packages/airflow/example_dags/example_sensors.py
[2023-12-21T20:41:02.889+0000] {processor.py:829} INFO - Processing file /home/airflow/.local/lib/python3.8/site-packages/airflow/example_dags/example_sensors.py for tasks to queue
[2023-12-21T20:41:02.891+0000] {logging_mixin.py:154} INFO - [2023-12-21T20:41:02.890+0000] {dagbag.py:536} INFO - Filling up the DagBag from /home/airflow/.local/lib/python3.8/site-packages/airflow/example_dags/example_sensors.py
[2023-12-21T20:41:02.896+0000] {processor.py:839} INFO - DAG(s) dict_keys(['example_sensors']) retrieved from /home/airflow/.local/lib/python3.8/site-packages/airflow/example_dags/example_sensors.py
[2023-12-21T20:41:02.909+0000] {logging_mixin.py:154} INFO - [2023-12-21T20:41:02.909+0000] {dag.py:2941} INFO - Sync 1 DAGs
[2023-12-21T20:41:02.917+0000] {logging_mixin.py:154} INFO - [2023-12-21T20:41:02.917+0000] {dag.py:3722} INFO - Setting next_dagrun for example_sensors to None, run_after=None
[2023-12-21T20:41:02.926+0000] {processor.py:179} INFO - Processing /home/airflow/.local/lib/python3.8/site-packages/airflow/example_dags/example_sensors.py took 0.040 seconds
[2023-12-21T20:41:33.217+0000] {processor.py:157} INFO - Started process (PID=152) to work on /home/airflow/.local/lib/python3.8/site-packages/airflow/example_dags/example_sensors.py
[2023-12-21T20:41:33.218+0000] {processor.py:829} INFO - Processing file /home/airflow/.local/lib/python3.8/site-packages/airflow/example_dags/example_sensors.py for tasks to queue
[2023-12-21T20:41:33.220+0000] {logging_mixin.py:154} INFO - [2023-12-21T20:41:33.220+0000] {dagbag.py:536} INFO - Filling up the DagBag from /home/airflow/.local/lib/python3.8/site-packages/airflow/example_dags/example_sensors.py
[2023-12-21T20:41:33.227+0000] {processor.py:839} INFO - DAG(s) dict_keys(['example_sensors']) retrieved from /home/airflow/.local/lib/python3.8/site-packages/airflow/example_dags/example_sensors.py
[2023-12-21T20:41:33.243+0000] {logging_mixin.py:154} INFO - [2023-12-21T20:41:33.243+0000] {dag.py:2941} INFO - Sync 1 DAGs
[2023-12-21T20:41:33.252+0000] {logging_mixin.py:154} INFO - [2023-12-21T20:41:33.252+0000] {dag.py:3722} INFO - Setting next_dagrun for example_sensors to None, run_after=None
[2023-12-21T20:41:33.268+0000] {processor.py:179} INFO - Processing /home/airflow/.local/lib/python3.8/site-packages/airflow/example_dags/example_sensors.py took 0.053 seconds
