[2023-12-21T20:40:35.746+0000] {processor.py:157} INFO - Started process (PID=63) to work on /home/airflow/.local/lib/python3.8/site-packages/airflow/example_dags/example_subdag_operator.py
[2023-12-21T20:40:35.747+0000] {processor.py:829} INFO - Processing file /home/airflow/.local/lib/python3.8/site-packages/airflow/example_dags/example_subdag_operator.py for tasks to queue
[2023-12-21T20:40:35.749+0000] {logging_mixin.py:154} INFO - [2023-12-21T20:40:35.749+0000] {dagbag.py:536} INFO - Filling up the DagBag from /home/airflow/.local/lib/python3.8/site-packages/airflow/example_dags/example_subdag_operator.py
[2023-12-21T20:40:35.786+0000] {processor.py:839} INFO - DAG(s) dict_keys(['example_subdag_operator.section-1', 'example_subdag_operator.section-2', 'example_subdag_operator']) retrieved from /home/airflow/.local/lib/python3.8/site-packages/airflow/example_dags/example_subdag_operator.py
[2023-12-21T20:40:35.902+0000] {logging_mixin.py:154} INFO - [2023-12-21T20:40:35.901+0000] {manager.py:499} INFO - Created Permission View: %s
[2023-12-21T20:40:35.911+0000] {logging_mixin.py:154} INFO - [2023-12-21T20:40:35.911+0000] {manager.py:499} INFO - Created Permission View: %s
[2023-12-21T20:40:35.920+0000] {logging_mixin.py:154} INFO - [2023-12-21T20:40:35.920+0000] {manager.py:499} INFO - Created Permission View: %s
[2023-12-21T20:40:35.922+0000] {logging_mixin.py:154} INFO - [2023-12-21T20:40:35.921+0000] {dag.py:2941} INFO - Sync 3 DAGs
[2023-12-21T20:40:35.942+0000] {logging_mixin.py:154} INFO - [2023-12-21T20:40:35.942+0000] {dag.py:2963} INFO - Creating ORM DAG for example_subdag_operator.section-1
[2023-12-21T20:40:35.947+0000] {logging_mixin.py:154} INFO - [2023-12-21T20:40:35.947+0000] {dag.py:2963} INFO - Creating ORM DAG for example_subdag_operator.section-2
[2023-12-21T20:40:35.950+0000] {logging_mixin.py:154} INFO - [2023-12-21T20:40:35.950+0000] {dag.py:2963} INFO - Creating ORM DAG for example_subdag_operator
[2023-12-21T20:40:35.959+0000] {logging_mixin.py:154} INFO - [2023-12-21T20:40:35.959+0000] {dag.py:3722} INFO - Setting next_dagrun for example_subdag_operator to 2022-01-01T00:00:00+00:00, run_after=2022-01-01T00:00:00+00:00
[2023-12-21T20:40:35.962+0000] {logging_mixin.py:154} INFO - [2023-12-21T20:40:35.962+0000] {dag.py:3722} INFO - Setting next_dagrun for example_subdag_operator.section-1 to None, run_after=None
[2023-12-21T20:40:35.963+0000] {logging_mixin.py:154} INFO - [2023-12-21T20:40:35.963+0000] {dag.py:3722} INFO - Setting next_dagrun for example_subdag_operator.section-2 to None, run_after=None
[2023-12-21T20:40:35.972+0000] {logging_mixin.py:154} INFO - [2023-12-21T20:40:35.971+0000] {dag.py:2941} INFO - Sync 2 DAGs
[2023-12-21T20:40:35.977+0000] {logging_mixin.py:154} INFO - [2023-12-21T20:40:35.977+0000] {dag.py:3722} INFO - Setting next_dagrun for example_subdag_operator.section-1 to None, run_after=None
[2023-12-21T20:40:35.979+0000] {logging_mixin.py:154} INFO - [2023-12-21T20:40:35.979+0000] {dag.py:3722} INFO - Setting next_dagrun for example_subdag_operator.section-2 to None, run_after=None
[2023-12-21T20:40:35.991+0000] {processor.py:179} INFO - Processing /home/airflow/.local/lib/python3.8/site-packages/airflow/example_dags/example_subdag_operator.py took 0.248 seconds
[2023-12-21T20:41:06.602+0000] {processor.py:157} INFO - Started process (PID=117) to work on /home/airflow/.local/lib/python3.8/site-packages/airflow/example_dags/example_subdag_operator.py
[2023-12-21T20:41:06.603+0000] {processor.py:829} INFO - Processing file /home/airflow/.local/lib/python3.8/site-packages/airflow/example_dags/example_subdag_operator.py for tasks to queue
[2023-12-21T20:41:06.605+0000] {logging_mixin.py:154} INFO - [2023-12-21T20:41:06.605+0000] {dagbag.py:536} INFO - Filling up the DagBag from /home/airflow/.local/lib/python3.8/site-packages/airflow/example_dags/example_subdag_operator.py
[2023-12-21T20:41:06.623+0000] {processor.py:839} INFO - DAG(s) dict_keys(['example_subdag_operator.section-1', 'example_subdag_operator.section-2', 'example_subdag_operator']) retrieved from /home/airflow/.local/lib/python3.8/site-packages/airflow/example_dags/example_subdag_operator.py
[2023-12-21T20:41:06.633+0000] {logging_mixin.py:154} INFO - [2023-12-21T20:41:06.633+0000] {dag.py:2941} INFO - Sync 3 DAGs
[2023-12-21T20:41:06.648+0000] {logging_mixin.py:154} INFO - [2023-12-21T20:41:06.647+0000] {dag.py:3722} INFO - Setting next_dagrun for example_subdag_operator to 2022-01-01T00:00:00+00:00, run_after=2022-01-01T00:00:00+00:00
[2023-12-21T20:41:06.650+0000] {logging_mixin.py:154} INFO - [2023-12-21T20:41:06.650+0000] {dag.py:3722} INFO - Setting next_dagrun for example_subdag_operator.section-1 to None, run_after=None
[2023-12-21T20:41:06.650+0000] {logging_mixin.py:154} INFO - [2023-12-21T20:41:06.650+0000] {dag.py:3722} INFO - Setting next_dagrun for example_subdag_operator.section-2 to None, run_after=None
[2023-12-21T20:41:06.655+0000] {logging_mixin.py:154} INFO - [2023-12-21T20:41:06.655+0000] {dag.py:2941} INFO - Sync 2 DAGs
[2023-12-21T20:41:06.658+0000] {logging_mixin.py:154} INFO - [2023-12-21T20:41:06.657+0000] {dag.py:3722} INFO - Setting next_dagrun for example_subdag_operator.section-1 to None, run_after=None
[2023-12-21T20:41:06.658+0000] {logging_mixin.py:154} INFO - [2023-12-21T20:41:06.658+0000] {dag.py:3722} INFO - Setting next_dagrun for example_subdag_operator.section-2 to None, run_after=None
[2023-12-21T20:41:06.663+0000] {processor.py:179} INFO - Processing /home/airflow/.local/lib/python3.8/site-packages/airflow/example_dags/example_subdag_operator.py took 0.064 seconds
