[2023-12-21T20:40:31.577+0000] {processor.py:157} INFO - Started process (PID=40) to work on /home/airflow/.local/lib/python3.8/site-packages/airflow/example_dags/example_kubernetes_executor.py
[2023-12-21T20:40:31.578+0000] {processor.py:829} INFO - Processing file /home/airflow/.local/lib/python3.8/site-packages/airflow/example_dags/example_kubernetes_executor.py for tasks to queue
[2023-12-21T20:40:31.582+0000] {logging_mixin.py:154} INFO - [2023-12-21T20:40:31.581+0000] {dagbag.py:536} INFO - Filling up the DagBag from /home/airflow/.local/lib/python3.8/site-packages/airflow/example_dags/example_kubernetes_executor.py
[2023-12-21T20:40:31.601+0000] {processor.py:839} INFO - DAG(s) dict_keys(['example_kubernetes_executor']) retrieved from /home/airflow/.local/lib/python3.8/site-packages/airflow/example_dags/example_kubernetes_executor.py
[2023-12-21T20:40:31.716+0000] {logging_mixin.py:154} INFO - [2023-12-21T20:40:31.716+0000] {manager.py:499} INFO - Created Permission View: %s
[2023-12-21T20:40:31.730+0000] {logging_mixin.py:154} INFO - [2023-12-21T20:40:31.730+0000] {manager.py:499} INFO - Created Permission View: %s
[2023-12-21T20:40:31.738+0000] {logging_mixin.py:154} INFO - [2023-12-21T20:40:31.738+0000] {manager.py:499} INFO - Created Permission View: %s
[2023-12-21T20:40:31.739+0000] {logging_mixin.py:154} INFO - [2023-12-21T20:40:31.739+0000] {dag.py:2941} INFO - Sync 1 DAGs
[2023-12-21T20:40:31.748+0000] {logging_mixin.py:154} INFO - [2023-12-21T20:40:31.748+0000] {dag.py:2963} INFO - Creating ORM DAG for example_kubernetes_executor
[2023-12-21T20:40:31.749+0000] {logging_mixin.py:154} INFO - [2023-12-21T20:40:31.749+0000] {dag.py:3722} INFO - Setting next_dagrun for example_kubernetes_executor to None, run_after=None
[2023-12-21T20:40:31.762+0000] {processor.py:179} INFO - Processing /home/airflow/.local/lib/python3.8/site-packages/airflow/example_dags/example_kubernetes_executor.py took 0.188 seconds
[2023-12-21T20:41:02.759+0000] {processor.py:157} INFO - Started process (PID=94) to work on /home/airflow/.local/lib/python3.8/site-packages/airflow/example_dags/example_kubernetes_executor.py
[2023-12-21T20:41:02.761+0000] {processor.py:829} INFO - Processing file /home/airflow/.local/lib/python3.8/site-packages/airflow/example_dags/example_kubernetes_executor.py for tasks to queue
[2023-12-21T20:41:02.763+0000] {logging_mixin.py:154} INFO - [2023-12-21T20:41:02.763+0000] {dagbag.py:536} INFO - Filling up the DagBag from /home/airflow/.local/lib/python3.8/site-packages/airflow/example_dags/example_kubernetes_executor.py
[2023-12-21T20:41:02.780+0000] {processor.py:839} INFO - DAG(s) dict_keys(['example_kubernetes_executor']) retrieved from /home/airflow/.local/lib/python3.8/site-packages/airflow/example_dags/example_kubernetes_executor.py
[2023-12-21T20:41:02.810+0000] {logging_mixin.py:154} INFO - [2023-12-21T20:41:02.810+0000] {dag.py:2941} INFO - Sync 1 DAGs
[2023-12-21T20:41:02.819+0000] {logging_mixin.py:154} INFO - [2023-12-21T20:41:02.819+0000] {dag.py:3722} INFO - Setting next_dagrun for example_kubernetes_executor to None, run_after=None
[2023-12-21T20:41:02.829+0000] {processor.py:179} INFO - Processing /home/airflow/.local/lib/python3.8/site-packages/airflow/example_dags/example_kubernetes_executor.py took 0.075 seconds
[2023-12-21T20:41:33.025+0000] {processor.py:157} INFO - Started process (PID=148) to work on /home/airflow/.local/lib/python3.8/site-packages/airflow/example_dags/example_kubernetes_executor.py
[2023-12-21T20:41:33.027+0000] {processor.py:829} INFO - Processing file /home/airflow/.local/lib/python3.8/site-packages/airflow/example_dags/example_kubernetes_executor.py for tasks to queue
[2023-12-21T20:41:33.034+0000] {logging_mixin.py:154} INFO - [2023-12-21T20:41:33.033+0000] {dagbag.py:536} INFO - Filling up the DagBag from /home/airflow/.local/lib/python3.8/site-packages/airflow/example_dags/example_kubernetes_executor.py
[2023-12-21T20:41:33.051+0000] {processor.py:839} INFO - DAG(s) dict_keys(['example_kubernetes_executor']) retrieved from /home/airflow/.local/lib/python3.8/site-packages/airflow/example_dags/example_kubernetes_executor.py
[2023-12-21T20:41:33.086+0000] {logging_mixin.py:154} INFO - [2023-12-21T20:41:33.086+0000] {dag.py:2941} INFO - Sync 1 DAGs
[2023-12-21T20:41:33.097+0000] {logging_mixin.py:154} INFO - [2023-12-21T20:41:33.097+0000] {dag.py:3722} INFO - Setting next_dagrun for example_kubernetes_executor to None, run_after=None
[2023-12-21T20:41:33.112+0000] {processor.py:179} INFO - Processing /home/airflow/.local/lib/python3.8/site-packages/airflow/example_dags/example_kubernetes_executor.py took 0.090 seconds
