[2023-12-21T20:40:32.263+0000] {processor.py:157} INFO - Started process (PID=46) to work on /home/airflow/.local/lib/python3.8/site-packages/airflow/example_dags/example_time_delta_sensor_async.py
[2023-12-21T20:40:32.264+0000] {processor.py:829} INFO - Processing file /home/airflow/.local/lib/python3.8/site-packages/airflow/example_dags/example_time_delta_sensor_async.py for tasks to queue
[2023-12-21T20:40:32.266+0000] {logging_mixin.py:154} INFO - [2023-12-21T20:40:32.266+0000] {dagbag.py:536} INFO - Filling up the DagBag from /home/airflow/.local/lib/python3.8/site-packages/airflow/example_dags/example_time_delta_sensor_async.py
[2023-12-21T20:40:32.273+0000] {processor.py:839} INFO - DAG(s) dict_keys(['example_time_delta_sensor_async']) retrieved from /home/airflow/.local/lib/python3.8/site-packages/airflow/example_dags/example_time_delta_sensor_async.py
[2023-12-21T20:40:32.410+0000] {logging_mixin.py:154} INFO - [2023-12-21T20:40:32.410+0000] {manager.py:499} INFO - Created Permission View: %s
[2023-12-21T20:40:32.424+0000] {logging_mixin.py:154} INFO - [2023-12-21T20:40:32.423+0000] {manager.py:499} INFO - Created Permission View: %s
[2023-12-21T20:40:32.431+0000] {logging_mixin.py:154} INFO - [2023-12-21T20:40:32.431+0000] {manager.py:499} INFO - Created Permission View: %s
[2023-12-21T20:40:32.432+0000] {logging_mixin.py:154} INFO - [2023-12-21T20:40:32.432+0000] {dag.py:2941} INFO - Sync 1 DAGs
[2023-12-21T20:40:32.448+0000] {logging_mixin.py:154} INFO - [2023-12-21T20:40:32.448+0000] {dag.py:2963} INFO - Creating ORM DAG for example_time_delta_sensor_async
[2023-12-21T20:40:32.452+0000] {logging_mixin.py:154} INFO - [2023-12-21T20:40:32.452+0000] {dag.py:3722} INFO - Setting next_dagrun for example_time_delta_sensor_async to None, run_after=None
[2023-12-21T20:40:32.473+0000] {processor.py:179} INFO - Processing /home/airflow/.local/lib/python3.8/site-packages/airflow/example_dags/example_time_delta_sensor_async.py took 0.213 seconds
[2023-12-21T20:41:02.945+0000] {processor.py:157} INFO - Started process (PID=100) to work on /home/airflow/.local/lib/python3.8/site-packages/airflow/example_dags/example_time_delta_sensor_async.py
[2023-12-21T20:41:02.946+0000] {processor.py:829} INFO - Processing file /home/airflow/.local/lib/python3.8/site-packages/airflow/example_dags/example_time_delta_sensor_async.py for tasks to queue
[2023-12-21T20:41:02.947+0000] {logging_mixin.py:154} INFO - [2023-12-21T20:41:02.947+0000] {dagbag.py:536} INFO - Filling up the DagBag from /home/airflow/.local/lib/python3.8/site-packages/airflow/example_dags/example_time_delta_sensor_async.py
[2023-12-21T20:41:02.950+0000] {processor.py:839} INFO - DAG(s) dict_keys(['example_time_delta_sensor_async']) retrieved from /home/airflow/.local/lib/python3.8/site-packages/airflow/example_dags/example_time_delta_sensor_async.py
[2023-12-21T20:41:02.962+0000] {logging_mixin.py:154} INFO - [2023-12-21T20:41:02.962+0000] {dag.py:2941} INFO - Sync 1 DAGs
[2023-12-21T20:41:02.971+0000] {logging_mixin.py:154} INFO - [2023-12-21T20:41:02.971+0000] {dag.py:3722} INFO - Setting next_dagrun for example_time_delta_sensor_async to None, run_after=None
[2023-12-21T20:41:02.981+0000] {processor.py:179} INFO - Processing /home/airflow/.local/lib/python3.8/site-packages/airflow/example_dags/example_time_delta_sensor_async.py took 0.039 seconds
[2023-12-21T20:41:33.286+0000] {processor.py:157} INFO - Started process (PID=153) to work on /home/airflow/.local/lib/python3.8/site-packages/airflow/example_dags/example_time_delta_sensor_async.py
[2023-12-21T20:41:33.287+0000] {processor.py:829} INFO - Processing file /home/airflow/.local/lib/python3.8/site-packages/airflow/example_dags/example_time_delta_sensor_async.py for tasks to queue
[2023-12-21T20:41:33.289+0000] {logging_mixin.py:154} INFO - [2023-12-21T20:41:33.289+0000] {dagbag.py:536} INFO - Filling up the DagBag from /home/airflow/.local/lib/python3.8/site-packages/airflow/example_dags/example_time_delta_sensor_async.py
[2023-12-21T20:41:33.293+0000] {processor.py:839} INFO - DAG(s) dict_keys(['example_time_delta_sensor_async']) retrieved from /home/airflow/.local/lib/python3.8/site-packages/airflow/example_dags/example_time_delta_sensor_async.py
[2023-12-21T20:41:33.307+0000] {logging_mixin.py:154} INFO - [2023-12-21T20:41:33.307+0000] {dag.py:2941} INFO - Sync 1 DAGs
[2023-12-21T20:41:33.315+0000] {logging_mixin.py:154} INFO - [2023-12-21T20:41:33.314+0000] {dag.py:3722} INFO - Setting next_dagrun for example_time_delta_sensor_async to None, run_after=None
[2023-12-21T20:41:33.325+0000] {processor.py:179} INFO - Processing /home/airflow/.local/lib/python3.8/site-packages/airflow/example_dags/example_time_delta_sensor_async.py took 0.042 seconds
