[2023-12-21T20:40:33.373+0000] {processor.py:157} INFO - Started process (PID=53) to work on /home/airflow/.local/lib/python3.8/site-packages/airflow/example_dags/example_task_group.py
[2023-12-21T20:40:33.374+0000] {processor.py:829} INFO - Processing file /home/airflow/.local/lib/python3.8/site-packages/airflow/example_dags/example_task_group.py for tasks to queue
[2023-12-21T20:40:33.378+0000] {logging_mixin.py:154} INFO - [2023-12-21T20:40:33.378+0000] {dagbag.py:536} INFO - Filling up the DagBag from /home/airflow/.local/lib/python3.8/site-packages/airflow/example_dags/example_task_group.py
[2023-12-21T20:40:33.389+0000] {processor.py:839} INFO - DAG(s) dict_keys(['example_task_group']) retrieved from /home/airflow/.local/lib/python3.8/site-packages/airflow/example_dags/example_task_group.py
[2023-12-21T20:40:33.585+0000] {logging_mixin.py:154} INFO - [2023-12-21T20:40:33.584+0000] {manager.py:499} INFO - Created Permission View: %s
[2023-12-21T20:40:33.599+0000] {logging_mixin.py:154} INFO - [2023-12-21T20:40:33.599+0000] {manager.py:499} INFO - Created Permission View: %s
[2023-12-21T20:40:33.606+0000] {logging_mixin.py:154} INFO - [2023-12-21T20:40:33.606+0000] {manager.py:499} INFO - Created Permission View: %s
[2023-12-21T20:40:33.607+0000] {logging_mixin.py:154} INFO - [2023-12-21T20:40:33.607+0000] {dag.py:2941} INFO - Sync 1 DAGs
[2023-12-21T20:40:33.623+0000] {logging_mixin.py:154} INFO - [2023-12-21T20:40:33.623+0000] {dag.py:2963} INFO - Creating ORM DAG for example_task_group
[2023-12-21T20:40:33.639+0000] {logging_mixin.py:154} INFO - [2023-12-21T20:40:33.639+0000] {dag.py:3722} INFO - Setting next_dagrun for example_task_group to 2023-12-20T20:40:33.637021+00:00, run_after=2023-12-21T20:40:33.637021+00:00
[2023-12-21T20:40:33.668+0000] {processor.py:179} INFO - Processing /home/airflow/.local/lib/python3.8/site-packages/airflow/example_dags/example_task_group.py took 0.301 seconds
[2023-12-21T20:41:04.235+0000] {processor.py:157} INFO - Started process (PID=107) to work on /home/airflow/.local/lib/python3.8/site-packages/airflow/example_dags/example_task_group.py
[2023-12-21T20:41:04.235+0000] {processor.py:829} INFO - Processing file /home/airflow/.local/lib/python3.8/site-packages/airflow/example_dags/example_task_group.py for tasks to queue
[2023-12-21T20:41:04.237+0000] {logging_mixin.py:154} INFO - [2023-12-21T20:41:04.237+0000] {dagbag.py:536} INFO - Filling up the DagBag from /home/airflow/.local/lib/python3.8/site-packages/airflow/example_dags/example_task_group.py
[2023-12-21T20:41:04.241+0000] {processor.py:839} INFO - DAG(s) dict_keys(['example_task_group']) retrieved from /home/airflow/.local/lib/python3.8/site-packages/airflow/example_dags/example_task_group.py
[2023-12-21T20:41:04.253+0000] {logging_mixin.py:154} INFO - [2023-12-21T20:41:04.253+0000] {dag.py:2941} INFO - Sync 1 DAGs
[2023-12-21T20:41:04.265+0000] {logging_mixin.py:154} INFO - [2023-12-21T20:41:04.264+0000] {dag.py:3722} INFO - Setting next_dagrun for example_task_group to 2023-12-20T20:41:04.264788+00:00, run_after=2023-12-21T20:41:04.264788+00:00
[2023-12-21T20:41:04.273+0000] {processor.py:179} INFO - Processing /home/airflow/.local/lib/python3.8/site-packages/airflow/example_dags/example_task_group.py took 0.040 seconds
[2023-12-21T20:41:34.598+0000] {processor.py:157} INFO - Started process (PID=161) to work on /home/airflow/.local/lib/python3.8/site-packages/airflow/example_dags/example_task_group.py
[2023-12-21T20:41:34.599+0000] {processor.py:829} INFO - Processing file /home/airflow/.local/lib/python3.8/site-packages/airflow/example_dags/example_task_group.py for tasks to queue
[2023-12-21T20:41:34.601+0000] {logging_mixin.py:154} INFO - [2023-12-21T20:41:34.600+0000] {dagbag.py:536} INFO - Filling up the DagBag from /home/airflow/.local/lib/python3.8/site-packages/airflow/example_dags/example_task_group.py
[2023-12-21T20:41:34.605+0000] {processor.py:839} INFO - DAG(s) dict_keys(['example_task_group']) retrieved from /home/airflow/.local/lib/python3.8/site-packages/airflow/example_dags/example_task_group.py
[2023-12-21T20:41:34.617+0000] {logging_mixin.py:154} INFO - [2023-12-21T20:41:34.617+0000] {dag.py:2941} INFO - Sync 1 DAGs
[2023-12-21T20:41:34.629+0000] {logging_mixin.py:154} INFO - [2023-12-21T20:41:34.629+0000] {dag.py:3722} INFO - Setting next_dagrun for example_task_group to 2023-12-20T20:41:34.629289+00:00, run_after=2023-12-21T20:41:34.629289+00:00
[2023-12-21T20:41:34.638+0000] {processor.py:179} INFO - Processing /home/airflow/.local/lib/python3.8/site-packages/airflow/example_dags/example_task_group.py took 0.043 seconds
