[2023-12-21T20:40:31.519+0000] {processor.py:157} INFO - Started process (PID=39) to work on /home/airflow/.local/lib/python3.8/site-packages/airflow/example_dags/tutorial_taskflow_api.py
[2023-12-21T20:40:31.521+0000] {processor.py:829} INFO - Processing file /home/airflow/.local/lib/python3.8/site-packages/airflow/example_dags/tutorial_taskflow_api.py for tasks to queue
[2023-12-21T20:40:31.524+0000] {logging_mixin.py:154} INFO - [2023-12-21T20:40:31.523+0000] {dagbag.py:536} INFO - Filling up the DagBag from /home/airflow/.local/lib/python3.8/site-packages/airflow/example_dags/tutorial_taskflow_api.py
[2023-12-21T20:40:31.533+0000] {processor.py:839} INFO - DAG(s) dict_keys(['tutorial_taskflow_api']) retrieved from /home/airflow/.local/lib/python3.8/site-packages/airflow/example_dags/tutorial_taskflow_api.py
[2023-12-21T20:40:31.660+0000] {logging_mixin.py:154} INFO - [2023-12-21T20:40:31.660+0000] {manager.py:499} INFO - Created Permission View: %s
[2023-12-21T20:40:31.668+0000] {logging_mixin.py:154} INFO - [2023-12-21T20:40:31.668+0000] {manager.py:499} INFO - Created Permission View: %s
[2023-12-21T20:40:31.672+0000] {logging_mixin.py:154} INFO - [2023-12-21T20:40:31.672+0000] {manager.py:499} INFO - Created Permission View: %s
[2023-12-21T20:40:31.672+0000] {logging_mixin.py:154} INFO - [2023-12-21T20:40:31.672+0000] {dag.py:2941} INFO - Sync 1 DAGs
[2023-12-21T20:40:31.680+0000] {logging_mixin.py:154} INFO - [2023-12-21T20:40:31.680+0000] {dag.py:2963} INFO - Creating ORM DAG for tutorial_taskflow_api
[2023-12-21T20:40:31.681+0000] {logging_mixin.py:154} INFO - [2023-12-21T20:40:31.681+0000] {dag.py:3722} INFO - Setting next_dagrun for tutorial_taskflow_api to None, run_after=None
[2023-12-21T20:40:31.700+0000] {processor.py:179} INFO - Processing /home/airflow/.local/lib/python3.8/site-packages/airflow/example_dags/tutorial_taskflow_api.py took 0.184 seconds
[2023-12-21T20:41:01.727+0000] {processor.py:157} INFO - Started process (PID=93) to work on /home/airflow/.local/lib/python3.8/site-packages/airflow/example_dags/tutorial_taskflow_api.py
[2023-12-21T20:41:01.728+0000] {processor.py:829} INFO - Processing file /home/airflow/.local/lib/python3.8/site-packages/airflow/example_dags/tutorial_taskflow_api.py for tasks to queue
[2023-12-21T20:41:01.730+0000] {logging_mixin.py:154} INFO - [2023-12-21T20:41:01.729+0000] {dagbag.py:536} INFO - Filling up the DagBag from /home/airflow/.local/lib/python3.8/site-packages/airflow/example_dags/tutorial_taskflow_api.py
[2023-12-21T20:41:01.733+0000] {processor.py:839} INFO - DAG(s) dict_keys(['tutorial_taskflow_api']) retrieved from /home/airflow/.local/lib/python3.8/site-packages/airflow/example_dags/tutorial_taskflow_api.py
[2023-12-21T20:41:01.744+0000] {logging_mixin.py:154} INFO - [2023-12-21T20:41:01.744+0000] {dag.py:2941} INFO - Sync 1 DAGs
[2023-12-21T20:41:01.750+0000] {logging_mixin.py:154} INFO - [2023-12-21T20:41:01.750+0000] {dag.py:3722} INFO - Setting next_dagrun for tutorial_taskflow_api to None, run_after=None
[2023-12-21T20:41:01.758+0000] {processor.py:179} INFO - Processing /home/airflow/.local/lib/python3.8/site-packages/airflow/example_dags/tutorial_taskflow_api.py took 0.033 seconds
[2023-12-21T20:41:31.977+0000] {processor.py:157} INFO - Started process (PID=147) to work on /home/airflow/.local/lib/python3.8/site-packages/airflow/example_dags/tutorial_taskflow_api.py
[2023-12-21T20:41:31.978+0000] {processor.py:829} INFO - Processing file /home/airflow/.local/lib/python3.8/site-packages/airflow/example_dags/tutorial_taskflow_api.py for tasks to queue
[2023-12-21T20:41:31.979+0000] {logging_mixin.py:154} INFO - [2023-12-21T20:41:31.979+0000] {dagbag.py:536} INFO - Filling up the DagBag from /home/airflow/.local/lib/python3.8/site-packages/airflow/example_dags/tutorial_taskflow_api.py
[2023-12-21T20:41:31.983+0000] {processor.py:839} INFO - DAG(s) dict_keys(['tutorial_taskflow_api']) retrieved from /home/airflow/.local/lib/python3.8/site-packages/airflow/example_dags/tutorial_taskflow_api.py
[2023-12-21T20:41:31.996+0000] {logging_mixin.py:154} INFO - [2023-12-21T20:41:31.996+0000] {dag.py:2941} INFO - Sync 1 DAGs
[2023-12-21T20:41:32.002+0000] {logging_mixin.py:154} INFO - [2023-12-21T20:41:32.002+0000] {dag.py:3722} INFO - Setting next_dagrun for tutorial_taskflow_api to None, run_after=None
[2023-12-21T20:41:32.013+0000] {processor.py:179} INFO - Processing /home/airflow/.local/lib/python3.8/site-packages/airflow/example_dags/tutorial_taskflow_api.py took 0.038 seconds
